<?xml version="1.0" encoding="UTF-8"?>
<testsuites name="Mocha Tests" time="1.2349999999999999" tests="2" failures="0">
  <testsuite name="Root Suite" timestamp="2019-06-11T07:56:34" tests="0" failures="0" time="0">
  </testsuite>
  <testsuite name="Aliasing" timestamp="2019-06-11T07:56:34" tests="2" failures="0" time="1.2349999999999999">
    <testcase name="Aliasing .as() - alias a DOM element for later use" time="0.347" classname=".as() - alias a DOM element for later use">
    </testcase>
    <testcase name="Aliasing .as() - alias a route for later use" time="0.888" classname=".as() - alias a route for later use">
    </testcase>
  </testsuite>
</testsuites>